Determining if the function wsyncup exists in the /usr/lib64/libcurses.so passed with the following output:
Change Dir: /home/justin/junk/spriNGboard_pt2/week_15/installer_source_files/cmake-3.18.0/Source/Checks/Curses-build/CMakeFiles/CMakeTmp

Run Build Command(s):/usr/bin/gmake cmTC_2b8c8/fast && gmake  -f CMakeFiles/cmTC_2b8c8.dir/build.make CMakeFiles/cmTC_2b8c8.dir/build
gmake[1]: Entering directory `/home/justin/junk/spriNGboard_pt2/week_15/installer_source_files/cmake-3.18.0/Source/Checks/Curses-build/CMakeFiles/CMakeTmp'
Building C object CMakeFiles/cmTC_2b8c8.dir/CheckFunctionExists.c.o
/usr/bin/gcc   -DCHECK_FUNCTION_EXISTS=wsyncup -o CMakeFiles/cmTC_2b8c8.dir/CheckFunctionExists.c.o -c /home/justin/junk/spriNGboard_pt2/week_15/installer_source_files/cmake-3.18.0/Modules/CheckFunctionExists.c
Linking C executable cmTC_2b8c8
/home/justin/junk/spriNGboard_pt2/week_15/installer_source_files/cmake-3.18.0/Bootstrap.cmk/cmake -E cmake_link_script CMakeFiles/cmTC_2b8c8.dir/link.txt --verbose=1
/usr/bin/gcc  -DCHECK_FUNCTION_EXISTS=wsyncup -rdynamic CMakeFiles/cmTC_2b8c8.dir/CheckFunctionExists.c.o -o cmTC_2b8c8  -lcurses 
gmake[1]: Leaving directory `/home/justin/junk/spriNGboard_pt2/week_15/installer_source_files/cmake-3.18.0/Source/Checks/Curses-build/CMakeFiles/CMakeTmp'



Determining if the function cbreak exists in the /usr/lib64/libncurses.so passed with the following output:
Change Dir: /home/justin/junk/spriNGboard_pt2/week_15/installer_source_files/cmake-3.18.0/Source/Checks/Curses-build/CMakeFiles/CMakeTmp

Run Build Command(s):/usr/bin/gmake cmTC_abf6d/fast && gmake  -f CMakeFiles/cmTC_abf6d.dir/build.make CMakeFiles/cmTC_abf6d.dir/build
gmake[1]: Entering directory `/home/justin/junk/spriNGboard_pt2/week_15/installer_source_files/cmake-3.18.0/Source/Checks/Curses-build/CMakeFiles/CMakeTmp'
Building C object CMakeFiles/cmTC_abf6d.dir/CheckFunctionExists.c.o
/usr/bin/gcc   -DCHECK_FUNCTION_EXISTS=cbreak -o CMakeFiles/cmTC_abf6d.dir/CheckFunctionExists.c.o -c /home/justin/junk/spriNGboard_pt2/week_15/installer_source_files/cmake-3.18.0/Modules/CheckFunctionExists.c
Linking C executable cmTC_abf6d
/home/justin/junk/spriNGboard_pt2/week_15/installer_source_files/cmake-3.18.0/Bootstrap.cmk/cmake -E cmake_link_script CMakeFiles/cmTC_abf6d.dir/link.txt --verbose=1
/usr/bin/gcc  -DCHECK_FUNCTION_EXISTS=cbreak -rdynamic CMakeFiles/cmTC_abf6d.dir/CheckFunctionExists.c.o -o cmTC_abf6d  -lncurses 
gmake[1]: Leaving directory `/home/justin/junk/spriNGboard_pt2/week_15/installer_source_files/cmake-3.18.0/Source/Checks/Curses-build/CMakeFiles/CMakeTmp'



